# JRE version: OpenJDK Runtime Environment (8.0_162-b12) (build 1.8.0_162-b12)
# Java VM: OpenJDK 64-Bit Server VM (25.162-b12 mixed mode linux-amd64 compressed oops)
Heap:
 PSYoungGen      total 788480K, used 14804K [0x0000000783100000, 0x00000007b5a80000, 0x00000007c0000000)
  eden space 751104K, 0% used [0x0000000783100000,0x0000000783100000,0x00000007b0e80000)
  from space 37376K, 39% used [0x00000007b0e80000,0x00000007b1cf53f8,0x00000007b3300000)
  to   space 33280K, 0% used [0x00000007b3300000,0x00000007b3300000,0x00000007b5380000)
 ParOldGen       total 225280K, used 74904K [0x0000000709200000, 0x0000000716e00000, 0x0000000783100000)
  object space 225280K, 33% used [0x0000000709200000,0x000000070db26240,0x0000000716e00000)
 Metaspace       used 69276K, capacity 74060K, committed 74200K, reserved 1114112K
  class space    used 7948K, capacity 9369K, committed 9472K, reserved 1048576K
GC Heap History (10 events):
Event: 31.569 GC heap after
Heap after GC invocations=21 (full 3):
 PSYoungGen      total 620032K, used 9205K [0x0000000783100000, 0x00000007ab300000, 0x00000007c0000000)
  eden space 582656K, 0% used [0x0000000783100000,0x0000000783100000,0x00000007a6a00000)
  from space 37376K, 24% used [0x00000007a8e80000,0x00000007a977d5b0,0x00000007ab300000)
  to   space 37376K, 0% used [0x00000007a6a00000,0x00000007a6a00000,0x00000007a8e80000)
 ParOldGen       total 225280K, used 74872K [0x0000000709200000, 0x0000000716e00000, 0x0000000783100000)
  object space 225280K, 33% used [0x0000000709200000,0x000000070db1e240,0x0000000716e00000)
 Metaspace       used 62514K, capacity 66836K, committed 67032K, reserved 1107968K
  class space    used 7258K, capacity 8599K, committed 8704K, reserved 1048576K
}
Event: 33.760 GC heap before
{Heap before GC invocations=22 (full 3):
 PSYoungGen      total 620032K, used 591861K [0x0000000783100000, 0x00000007ab300000, 0x00000007c0000000)
  eden space 582656K, 100% used [0x0000000783100000,0x00000007a6a00000,0x00000007a6a00000)
  from space 37376K, 24% used [0x00000007a8e80000,0x00000007a977d5b0,0x00000007ab300000)
  to   space 37376K, 0% used [0x00000007a6a00000,0x00000007a6a00000,0x00000007a8e80000)
 ParOldGen       total 225280K, used 74872K [0x0000000709200000, 0x0000000716e00000, 0x0000000783100000)
  object space 225280K, 33% used [0x0000000709200000,0x000000070db1e240,0x0000000716e00000)
 Metaspace       used 64492K, capacity 68960K, committed 69208K, reserved 1110016K
  class space    used 7426K, capacity 8746K, committed 8832K, reserved 1048576K
Event: 33.777 GC heap after
Heap after GC invocations=22 (full 3):
 PSYoungGen      total 620032K, used 9882K [0x0000000783100000, 0x00000007afc00000, 0x00000007c0000000)
  eden space 582656K, 0% used [0x0000000783100000,0x0000000783100000,0x00000007a6a00000)
  from space 37376K, 26% used [0x00000007a6a00000,0x00000007a73a6a38,0x00000007a8e80000)
  to   space 36352K, 0% used [0x00000007ad880000,0x00000007ad880000,0x00000007afc00000)
 ParOldGen       total 225280K, used 74880K [0x0000000709200000, 0x0000000716e00000, 0x0000000783100000)
  object space 225280K, 33% used [0x0000000709200000,0x000000070db20240,0x0000000716e00000)
 Metaspace       used 64492K, capacity 68960K, committed 69208K, reserved 1110016K
  class space    used 7426K, capacity 8746K, committed 8832K, reserved 1048576K
}
Event: 34.814 GC heap before
{Heap before GC invocations=23 (full 3):
 PSYoungGen      total 620032K, used 592538K [0x0000000783100000, 0x00000007afc00000, 0x00000007c0000000)
  eden space 582656K, 100% used [0x0000000783100000,0x00000007a6a00000,0x00000007a6a00000)
  from space 37376K, 26% used [0x00000007a6a00000,0x00000007a73a6a38,0x00000007a8e80000)
  to   space 36352K, 0% used [0x00000007ad880000,0x00000007ad880000,0x00000007afc00000)
 ParOldGen       total 225280K, used 74880K [0x0000000709200000, 0x0000000716e00000, 0x0000000783100000)
  object space 225280K, 33% used [0x0000000709200000,0x000000070db20240,0x0000000716e00000)
 Metaspace       used 64576K, capacity 69048K, committed 69208K, reserved 1110016K
  class space    used 7428K, capacity 8750K, committed 8832K, reserved 1048576K
Event: 34.835 GC heap after
Heap after GC invocations=23 (full 3):
 PSYoungGen      total 696832K, used 10010K [0x0000000783100000, 0x00000007afe80000, 0x00000007c0000000)
  eden space 660480K, 0% used [0x0000000783100000,0x0000000783100000,0x00000007ab600000)
  from space 36352K, 27% used [0x00000007ad880000,0x00000007ae246ac0,0x00000007afc00000)
  to   space 35328K, 0% used [0x00000007ab600000,0x00000007ab600000,0x00000007ad880000)
 ParOldGen       total 225280K, used 74888K [0x0000000709200000, 0x0000000716e00000, 0x0000000783100000)
  object space 225280K, 33% used [0x0000000709200000,0x000000070db22240,0x0000000716e00000)
 Metaspace       used 64576K, capacity 69048K, committed 69208K, reserved 1110016K
  class space    used 7428K, capacity 8750K, committed 8832K, reserved 1048576K
}
Event: 36.290 GC heap before
{Heap before GC invocations=24 (full 3):
 PSYoungGen      total 696832K, used 668280K [0x0000000783100000, 0x00000007afe80000, 0x00000007c0000000)
  eden space 660480K, 99% used [0x0000000783100000,0x00000007ab3d78e8,0x00000007ab600000)
  from space 36352K, 27% used [0x00000007ad880000,0x00000007ae246ac0,0x00000007afc00000)
  to   space 35328K, 0% used [0x00000007ab600000,0x00000007ab600000,0x00000007ad880000)
 ParOldGen       total 225280K, used 74888K [0x0000000709200000, 0x0000000716e00000, 0x0000000783100000)
  object space 225280K, 33% used [0x0000000709200000,0x000000070db22240,0x0000000716e00000)
 Metaspace       used 64864K, capacity 69454K, committed 69720K, reserved 1110016K
  class space    used 7460K, capacity 8808K, committed 8832K, reserved 1048576K
Event: 36.318 GC heap after
Heap after GC invocations=24 (full 3):
 PSYoungGen      total 695808K, used 15462K [0x0000000783100000, 0x00000007b5380000, 0x00000007c0000000)
  eden space 660480K, 0% used [0x0000000783100000,0x0000000783100000,0x00000007ab600000)
  from space 35328K, 43% used [0x00000007ab600000,0x00000007ac519b98,0x00000007ad880000)
  to   space 33280K, 0% used [0x00000007b3300000,0x00000007b3300000,0x00000007b5380000)
 ParOldGen       total 225280K, used 74888K [0x0000000709200000, 0x0000000716e00000, 0x0000000783100000)
  object space 225280K, 33% used [0x0000000709200000,0x000000070db22240,0x0000000716e00000)
 Metaspace       used 64864K, capacity 69454K, committed 69720K, reserved 1110016K
  class space    used 7460K, capacity 8808K, committed 8832K, reserved 1048576K
}
Event: 39.612 GC heap before
{Heap before GC invocations=25 (full 3):
 PSYoungGen      total 695808K, used 673744K [0x0000000783100000, 0x00000007b5380000, 0x00000007c0000000)
  eden space 660480K, 99% used [0x0000000783100000,0x00000007ab3da478,0x00000007ab600000)
  from space 35328K, 43% used [0x00000007ab600000,0x00000007ac519b98,0x00000007ad880000)
  to   space 33280K, 0% used [0x00000007b3300000,0x00000007b3300000,0x00000007b5380000)
 ParOldGen       total 225280K, used 74888K [0x0000000709200000, 0x0000000716e00000, 0x0000000783100000)
  object space 225280K, 33% used [0x0000000709200000,0x000000070db22240,0x0000000716e00000)
 Metaspace       used 68935K, capacity 73636K, committed 73816K, reserved 1114112K
  class space    used 7913K, capacity 9295K, committed 9344K, reserved 1048576K
Event: 39.663 GC heap after
Heap after GC invocations=25 (full 3):
 PSYoungGen      total 784384K, used 30757K [0x0000000783100000, 0x00000007b5a80000, 0x00000007c0000000)
  eden space 751104K, 0% used [0x0000000783100000,0x0000000783100000,0x00000007b0e80000)
  from space 33280K, 92% used [0x00000007b3300000,0x00000007b5109628,0x00000007b5380000)
  to   space 37376K, 0% used [0x00000007b0e80000,0x00000007b0e80000,0x00000007b3300000)
 ParOldGen       total 225280K, used 74896K [0x0000000709200000, 0x0000000716e00000, 0x0000000783100000)
  object space 225280K, 33% used [0x0000000709200000,0x000000070db24240,0x0000000716e00000)
 Metaspace       used 68935K, capacity 73636K, committed 73816K, reserved 1114112K
  class space    used 7913K, capacity 9295K, committed 9344K, reserved 1048576K
}
Event: 41.004 GC heap before
{Heap before GC invocations=26 (full 3):
 PSYoungGen      total 784384K, used 781861K [0x0000000783100000, 0x00000007b5a80000, 0x00000007c0000000)
  eden space 751104K, 100% used [0x0000000783100000,0x00000007b0e80000,0x00000007b0e80000)
  from space 33280K, 92% used [0x00000007b3300000,0x00000007b5109628,0x00000007b5380000)
  to   space 37376K, 0% used [0x00000007b0e80000,0x00000007b0e80000,0x00000007b3300000)
 ParOldGen       total 225280K, used 74896K [0x0000000709200000, 0x0000000716e00000, 0x0000000783100000)
  object space 225280K, 33% used [0x0000000709200000,0x000000070db24240,0x0000000716e00000)
 Metaspace       used 69276K, capacity 74060K, committed 74200K, reserved 1114112K
  class space    used 7948K, capacity 9369K, committed 9472K, reserved 1048576K

